             1826605                    1 0x1528c U (0x07213023) sd      s2, 96(sp)
             1826606                    1 0x15290 U (0x05413823) sd      s4, 80(sp)
             1826607                    1 0x15294 U (0x06113c23) sd      ra, 120(sp)
             1826608                    1 0x15298 U (0x06913423) sd      s1, 104(sp)
             1826609                    1 0x1529c U (0x05313c23) sd      s3, 88(sp)
             1826610                    1 0x152a0 U (0x05513423) sd      s5, 72(sp)
             1826611                    1 0x152a4 U (0x05613023) sd      s6, 64(sp)
             1826612                    1 0x152a8 U (0x03713c23) sd      s7, 56(sp)
             1826613                    1 0x152ac U (0x03813823) sd      s8, 48(sp)
             1826622                    9 0x152b0 U (0x03913423) sd      s9, 40(sp)
             1826624                    2 0x152b4 U (0x03a13023) sd      s10, 32(sp)
             1826625                    1 0x152b8 U (0x01b13c23) sd      s11, 24(sp)
             1826625                    1 0x152bc U (0x0087f793) andi    a5, a5, 8
             1826633                    8 0x152c0 U (0x00060a13) mv      s4, a2
             1826635                    2 0x152c4 U (0x00058413) mv      s0, a1
             1826636                    1 0x152c8 U (0x00050913) mv      s2, a0
             1826637                    1 0x152cc U (0x0e078063) beqz    a5, pc + 224
             1826645                    8 0x153ac U (0x00040593) mv      a1, s0
             1826657                   12 0x153b0 U (0x00090513) mv      a0, s2
             1826659                    2 0x153b4 U (0xb04ff0ef) jal     pc - 0xcfc
             1826675                   16 0x146b8 U (0xfe010113) addi    sp, sp, -32
             1826677                    2 0x146bc U (0x89018793) addi    a5, gp, -1904
             1826683                    6 0x146c0 U (0x00913423) sd      s1, 8(sp)
             1826684                    1 0x146c4 U (0x00050493) mv      s1, a0
             1826699                   15 0x146c8 U (0x0007b503) ld      a0, 0(a5)
             1826700                    1 0x146cc U (0x00813823) sd      s0, 16(sp)
             1826701                    1 0x146d0 U (0x00113c23) sd      ra, 24(sp)
             1826701                    1 0x146d4 U (0x00058413) mv      s0, a1
             1826702                    1 0x146d8 U (0x00050863) beqz    a0, pc + 16
             1826705                    3 0x146dc U (0x05052783) lw      a5, 80(a0)
             1826706                    1 0x146e0 U (0x00079463) bnez    a5, pc + 8
             1826714                    8 0x146e8 U (0x01041703) lh      a4, 16(s0)
             1826715                    1 0x146ec U (0x03071793) slli    a5, a4, 48
             1826718                    3 0x146f0 U (0x0307d793) srli    a5, a5, 48
             1826720                    2 0x146f4 U (0x0087f693) andi    a3, a5, 8
             1826721                    1 0x146f8 U (0x06069e63) bnez    a3, pc + 124
             1826722                    1 0x146fc U (0x0107f693) andi    a3, a5, 16
             1826727                    5 0x14700 U (0x02069663) bnez    a3, pc + 44
             1826733                    6 0x1472c U (0x0047f793) andi    a5, a5, 4
             1826739                    6 0x14730 U (0x02078c63) beqz    a5, pc + 56
             1826751                   12 0x14768 U (0x01045783) lhu     a5, 16(s0)
             1826753                    2 0x1476c U (0x0087e793) ori     a5, a5, 8
             1826757                    4 0x14770 U (0x00f41823) sh      a5, 16(s0)
             1826765                    8 0x14774 U (0x01843783) ld      a5, 24(s0)
             1826766                    1 0x14778 U (0x02079063) bnez    a5, pc + 32
             1826769                    3 0x1477c U (0x01045783) lhu     a5, 16(s0)
             1826769                    3 0x14780 U (0x20000713) li      a4, 512
             1826771                    2 0x14784 U (0x2807f793) andi    a5, a5, 640
             1826772                    1 0x14788 U (0x00e78863) beq     a5, a4, pc + 16
             1826778                    6 0x1478c U (0x00040593) mv      a1, s0
             1826779                    1 0x14790 U (0x00048513) mv      a0, s1
             1826780                    1 0x14794 U (0x541030ef) jal     pc + 0x3d40
             1997686                   44 0x184d4 U (0x0105d783) lhu     a5, 16(a1)
             1997686                   44 0x184d8 U (0xfd010113) addi    sp, sp, -48
             1997698                   12 0x184dc U (0x02813023) sd      s0, 32(sp)
             1997699                    1 0x184e0 U (0x02113423) sd      ra, 40(sp)
             1997701                    2 0x184e4 U (0x00913c23) sd      s1, 24(sp)
             1997702                    1 0x184e8 U (0x01213823) sd      s2, 16(sp)
             1997702                    1 0x184ec U (0x0027f793) andi    a5, a5, 2
             1997703                    1 0x184f0 U (0x00058413) mv      s0, a1
             1997704                    1 0x184f4 U (0x02078863) beqz    a5, pc + 48
             1997710                    6 0x184f8 U (0x07740793) addi    a5, s0, 119
             1997712                    2 0x184fc U (0x00f43023) sd      a5, 0(s0)
             1997719                    7 0x18500 U (0x00f43c23) sd      a5, 24(s0)
             1997720                    1 0x18504 U (0x00100793) li      a5, 1
             1997722                    2 0x18508 U (0x02f42023) sw      a5, 32(s0)
             1997730                    8 0x1850c U (0x02813083) ld      ra, 40(sp)
             1997732                    2 0x18510 U (0x02013403) ld      s0, 32(sp)
             1997741                    9 0x18514 U (0x01813483) ld      s1, 24(sp)
             1997743                    2 0x18518 U (0x01013903) ld      s2, 16(sp)
             1997743                    2 0x1851c U (0x03010113) addi    sp, sp, 48
             1997744                    1 0x18520 U (0x00008067) ret
             1997762                   18 0x14798 U (0x01045783) lhu     a5, 16(s0)
             1997763                    1 0x1479c U (0x0017f713) andi    a4, a5, 1
             1997767                    4 0x147a0 U (0x02070c63) beqz    a4, pc + 56
             1997777                   10 0x147d8 U (0x0027f793) andi    a5, a5, 2
             1997779                    2 0x147dc U (0x00000713) li      a4, 0
             1997784                    5 0x147e0 U (0x00079463) bnez    a5, pc + 8
             1997787                    3 0x147e8 U (0x00e42623) sw      a4, 12(s0)
             1997787                    3 0x147ec U (0xfc9ff06f) j       pc - 0x38
             1997796                    9 0x147b4 U (0x01843783) ld      a5, 24(s0)
             1997796                    9 0x147b8 U (0x00000513) li      a0, 0
             1997797                    1 0x147bc U (0xf4079ee3) bnez    a5, pc - 164
             1997815                   18 0x14718 U (0x01813083) ld      ra, 24(sp)
             1997817                    2 0x1471c U (0x01013403) ld      s0, 16(sp)
             1997824                    7 0x14720 U (0x00813483) ld      s1, 8(sp)
             1997824                    7 0x14724 U (0x02010113) addi    sp, sp, 32
             1997825                    1 0x14728 U (0x00008067) ret
             1997841                   16 0x153b8 U (0xfff00793) li      a5, -1
             1997843                    2 0x153bc U (0xf0050ee3) beqz    a0, pc - 228
             1997852                    9 0x152d8 U (0x01045783) lhu     a5, 16(s0)
             1997854                    2 0x152dc U (0x000a3983) ld      s3, 0(s4)
             1997857                    3 0x152e0 U (0x0027f713) andi    a4, a5, 2
             1997859                    2 0x152e4 U (0x16071a63) bnez    a4, pc + 372
             1997872                   13 0x15458 U (0x80000b37) lui     s6, 0x80000
             1997874                    2 0x1545c U (0x00000a93) li      s5, 0
             1997879                    5 0x15460 U (0x00000493) li      s1, 0
             1997881                    2 0x15464 U (0xc00b4b13) xori    s6, s6, -1024
             1997882                    1 0x15468 U (0xf69ff06f) j       pc - 0x98
             1997888                    6 0x153d0 U (0xfe048ae3) beqz    s1, pc - 12
             1997896                    8 0x153c4 U (0x0009ba83) ld      s5, 0(s3)
             1997898                    2 0x153c8 U (0x0089b483) ld      s1, 8(s3)
             1997898                    2 0x153cc U (0x01098993) addi    s3, s3, 16
             1997899                    1 0x153d0 U (0xfe048ae3) beqz    s1, pc - 12
             1997905                    6 0x153d4 U (0x00048693) mv      a3, s1
             1997906                    1 0x153d8 U (0x009b7463) bgeu    s6, s1, pc + 8
             1997927                   21 0x153e0 U (0x04043783) ld      a5, 64(s0)
             1997936                    9 0x153e4 U (0x03043583) ld      a1, 48(s0)
             1997936                    9 0x153e8 U (0x0006869b) sext.w  a3, a3
             1997937                    1 0x153ec U (0x000a8613) mv      a2, s5
             1997937                    1 0x153f0 U (0x00090513) mv      a0, s2
             1997938                    1 0x153f4 U (0x000780e7) jalr    a5
             2168805                   44 0x19f38 U (0x0105d783) lhu     a5, 16(a1)
             2168805                   44 0x19f3c U (0xfd010113) addi    sp, sp, -48
             2168817                   12 0x19f40 U (0x02813023) sd      s0, 32(sp)
             2168818                    1 0x19f44 U (0x00913c23) sd      s1, 24(sp)
             2168820                    2 0x19f48 U (0x01213823) sd      s2, 16(sp)
             2168821                    1 0x19f4c U (0x01313423) sd      s3, 8(sp)
             2168822                    1 0x19f50 U (0x02113423) sd      ra, 40(sp)
             2168822                    1 0x19f54 U (0x1007f793) andi    a5, a5, 256
             2168823                    1 0x19f58 U (0x00050493) mv      s1, a0
             2168824                    1 0x19f5c U (0x00058413) mv      s0, a1
             2168825                    1 0x19f60 U (0x00060913) mv      s2, a2
             2168826                    1 0x19f64 U (0x00068993) mv      s3, a3
             2168827                    1 0x19f68 U (0x00078a63) beqz    a5, pc + 20
             2168845                   18 0x19f7c U (0x01045783) lhu     a5, 16(s0)
             2168849                    4 0x19f80 U (0xfffff737) lui     a4, 0xfffff
             2168851                    2 0x19f84 U (0xfff70713) addi    a4, a4, -1
             2168852                    1 0x19f88 U (0x00e7f7b3) and     a5, a5, a4
             2168854                    2 0x19f8c U (0x00f41823) sh      a5, 16(s0)
             2168860                    6 0x19f90 U (0x01241583) lh      a1, 18(s0)
             2168862                    2 0x19f94 U (0x02013403) ld      s0, 32(sp)
             2168863                    1 0x19f98 U (0x02813083) ld      ra, 40(sp)
             2168863                    1 0x19f9c U (0x00098693) mv      a3, s3
             2168868                    5 0x19fa0 U (0x00090613) mv      a2, s2
             2168872                    4 0x19fa4 U (0x00813983) ld      s3, 8(sp)
             2168873                    1 0x19fa8 U (0x01013903) ld      s2, 16(sp)
             2168873                    1 0x19fac U (0x00048513) mv      a0, s1
             2168879                    6 0x19fb0 U (0x01813483) ld      s1, 24(sp)
             2168879                    6 0x19fb4 U (0x03010113) addi    sp, sp, 48
             2168880                    1 0x19fb8 U (0x5e10206f) j       pc + 0x2de0
             2340066                   31 0x1cd98 U (0xff010113) addi    sp, sp, -16
             2340080                   14 0x1cd9c U (0x00813023) sd      s0, 0(sp)
             2340080                   14 0x1cda0 U (0x00050413) mv      s0, a0
             2340081                    1 0x1cda4 U (0x00058513) mv      a0, a1
             2340081                    1 0x1cda8 U (0x00060593) mv      a1, a2
             2340082                    1 0x1cdac U (0x00068613) mv      a2, a3
             2340094                   12 0x1cdb0 U (0x9401a023) sw      zero, -1728(gp)
             2340096                    2 0x1cdb4 U (0x00113423) sd      ra, 8(sp)
             2340096                    2 0x1cdb8 U (0x700010ef) jal     pc + 0x1700
             2340112                   16 0x1e4b8 U (0xff010113) addi    sp, sp, -16
             2340115                    3 0x1e4bc U (0x00113423) sd      ra, 8(sp)
             2340120                    5 0x1e4c0 U (0x00813023) sd      s0, 0(sp)
             2340121                    1 0x1e4c4 U (0x00000693) li      a3, 0
             2340122                    1 0x1e4c8 U (0x00000713) li      a4, 0
             2340123                    1 0x1e4cc U (0x00000793) li      a5, 0
             2340129                    6 0x1e4d0 U (0x04000893) li      a7, 64
<< MAIN >>             2388718                   11 0x1e4d8 U (0x00050413) mv      s0, a0
             2388720                    2 0x1e4dc U (0x00055a63) bgez    a0, pc + 20
             2388731                   11 0x1e4f0 U (0x00040513) mv      a0, s0
             2388735                    4 0x1e4f4 U (0x00813083) ld      ra, 8(sp)
             2388736                    1 0x1e4f8 U (0x00013403) ld      s0, 0(sp)
             2388736                    1 0x1e4fc U (0x01010113) addi    sp, sp, 16
             2388740                    4 0x1e500 U (0x00008067) ret
             2388750                   10 0x1cdbc U (0xfff00793) li      a5, -1
             2388756                    6 0x1cdc0 U (0x00f51a63) bne     a0, a5, pc + 20
             2388768                   12 0x1cdd4 U (0x00813083) ld      ra, 8(sp)
             2388770                    2 0x1cdd8 U (0x00013403) ld      s0, 0(sp)
             2388770                    2 0x1cddc U (0x01010113) addi    sp, sp, 16
             2388774                    4 0x1cde0 U (0x00008067) ret
             2388794                   20 0x153f8 U (0x0ea05a63) bge     zero, a0, pc + 244
             2388798                    4 0x153fc U (0x010a3783) ld      a5, 16(s4)
             2388801                    3 0x15400 U (0x00aa8ab3) add     s5, s5, a0
             2388803                    2 0x15404 U (0x40a484b3) sub     s1, s1, a0
             2388804                    1 0x15408 U (0x40a78533) sub     a0, a5, a0
             2388806                    2 0x1540c U (0x00aa3823) sd      a0, 16(s4)
             2388810                    4 0x15410 U (0xfc0510e3) bnez    a0, pc - 64
             2388818                    8 0x15414 U (0x00000793) li      a5, 0
             2388821                    3 0x15418 U (0x07813083) ld      ra, 120(sp)
             2388822                    1 0x1541c U (0x07013403) ld      s0, 112(sp)
             2388827                    5 0x15420 U (0x06813483) ld      s1, 104(sp)
             2388829                    2 0x15424 U (0x06013903) ld      s2, 96(sp)
             2388835                    6 0x15428 U (0x05813983) ld      s3, 88(sp)
             2388837                    2 0x1542c U (0x05013a03) ld      s4, 80(sp)
             2388844                    7 0x15430 U (0x04813a83) ld      s5, 72(sp)
             2388846                    2 0x15434 U (0x04013b03) ld      s6, 64(sp)
             2388852                    6 0x15438 U (0x03813b83) ld      s7, 56(sp)
             2388854                    2 0x1543c U (0x03013c03) ld      s8, 48(sp)
             2388861                    7 0x15440 U (0x02813c83) ld      s9, 40(sp)
             2388863                    2 0x15444 U (0x02013d03) ld      s10, 32(sp)
             2388869                    6 0x15448 U (0x01813d83) ld      s11, 24(sp)
             2388869                    6 0x1544c U (0x00078513) mv      a0, a5
             2388870                    1 0x15450 U (0x08010113) addi    sp, sp, 128
             2388870                    1 0x15454 U (0x00008067) ret
             2388883                   13 0x10884 U (0x00050863) beqz    a0, pc + 16
             2388895                   12 0x10894 U (0x06813083) ld      ra, 104(sp)
             2388897                    2 0x10898 U (0x06013403) ld      s0, 96(sp)
             2388897                    2 0x1089c U (0x00048513) mv      a0, s1
             2388903                    6 0x108a0 U (0x05013903) ld      s2, 80(sp)
             2388905                    2 0x108a4 U (0x05813483) ld      s1, 88(sp)
             2388906                    1 0x108a8 U (0x04813983) ld      s3, 72(sp)
             2388906                    1 0x108ac U (0x07010113) addi    sp, sp, 112
             2388910                    4 0x108b0 U (0x00008067) ret
             2388930                   20 0x20354 U (0xea9ff0ef) jal     pc - 0x158
             2388936                    6 0x201fc U (0xfe010113) addi    sp, sp, -32
             2388942                    6 0x20200 U (0x00010513) mv      a0, sp
             2388944                    2 0x20204 U (0x00000593) li      a1, 0
             2388946                    2 0x20208 U (0x00113c23) sd      ra, 24(sp)
             2388946                    2 0x2020c U (0xdd4f20ef) jal     pc - 0xda2c
